http on port 8080
Thu Apr 27 2017 17:13:23 GMT+0000 (UTC) Connection accepted.
Thu Apr 27 2017 17:13:23 GMT+0000 (UTC) PID=821 STARTED on behalf of user=
http on port 8080
http on port 8080
Thu Apr 27 2017 17:32:24 GMT+0000 (UTC) Connection accepted.
Thu Apr 27 2017 17:32:24 GMT+0000 (UTC) PID=722 STARTED on behalf of user=
http on port 8080
Thu Apr 27 2017 17:34:06 GMT+0000 (UTC) Connection accepted.
Thu Apr 27 2017 17:34:06 GMT+0000 (UTC) PID=721 STARTED on behalf of user=
Thu Apr 27 2017 17:35:06 GMT+0000 (UTC) PID=721 ENDED
http on port 8080
http on port 8080
http on port 8080
http on port 8080
http on port 8080
Tue May 02 2017 08:07:00 GMT+0000 (UTC) Connection accepted.
Tue May 02 2017 08:07:00 GMT+0000 (UTC) PID=522 STARTED on behalf of user=
http on port 8080
Tue May 02 2017 14:20:45 GMT+0000 (UTC) Connection accepted.
Tue May 02 2017 14:20:45 GMT+0000 (UTC) PID=600 STARTED on behalf of user=
